Using pre-set license
Built from '2020.3/release' branch; Version is '2020.3.7f1 (dd97f2c94397) revision 14522354'; Using compiler version '192528614'; Build Type 'Release'
OS: 'Windows 10 Pro; OS build 19044.1466; Version 2009; 64bit' Language: 'en' Physical Memory: 16298 MB
BatchMode: 1, IsHumanControllingUs: 0, StartBugReporterOnCrash: 0, Is64bit: 1, IsPro: 0

 COMMAND LINE ARGUMENTS:
P:\Unity\Hub\Editor\2020.3.7f1\Editor\Unity.exe
-adb2
-batchMode
-noUpm
-name
AssetImportWorker0
-projectPath
F:/Unity Projects/UnityProjects/College Projects/SpaceBattleAssignment_GE2
-logFile
Logs/AssetImportWorker0.log
-srvPort
61175
Successfully changed project path to: F:/Unity Projects/UnityProjects/College Projects/SpaceBattleAssignment_GE2
F:/Unity Projects/UnityProjects/College Projects/SpaceBattleAssignment_GE2
Using Asset Import Pipeline V2.
Refreshing native plugins compatible for Editor in 24.15 ms, found 0 plugins.
Preloading 0 native plugins for Editor in 0.00 ms.
Initialize engine version: 2020.3.7f1 (dd97f2c94397)
[Subsystems] Discovering subsystems at path P:/Unity/Hub/Editor/2020.3.7f1/Editor/Data/Resources/UnitySubsystems
[Subsystems] Discovering subsystems at path F:/Unity Projects/UnityProjects/College Projects/SpaceBattleAssignment_GE2/Assets
GfxDevice: creating device client; threaded=0
Direct3D:
    Version:  Direct3D 11.0 [level 11.1]
    Renderer: NVIDIA GeForce RTX 2060 (ID=0x1e89)
    Vendor:   
    VRAM:     5968 MB
    Driver:   30.0.14.7196
Initialize mono
Mono path[0] = 'P:/Unity/Hub/Editor/2020.3.7f1/Editor/Data/Managed'
Mono path[1] = 'P:/Unity/Hub/Editor/2020.3.7f1/Editor/Data/MonoBleedingEdge/lib/mono/unityjit'
Mono config path = 'P:/Unity/Hub/Editor/2020.3.7f1/Editor/Data/MonoBleedingEdge/etc'
Using monoOptions --debugger-agent=transport=dt_socket,embedding=1,server=y,suspend=n,address=127.0.0.1:56328
Begin MonoManager ReloadAssembly
Registering precompiled unity dll's ...
Register platform support module: P:/Unity/Hub/Editor/2020.3.7f1/Editor/Data/PlaybackEngines/WindowsStandaloneSupport/UnityEditor.WindowsStandalone.Extensions.dll
Registered in 0.001042 seconds.
Native extension for WindowsStandalone target not found
Refreshing native plugins compatible for Editor in 22.01 ms, found 0 plugins.
Preloading 0 native plugins for Editor in 0.00 ms.
Mono: successfully reloaded assembly
- Completed reload, in  1.137 seconds
Platform modules already initialized, skipping
Registering precompiled user dll's ...
Registered in 0.000741 seconds.
Begin MonoManager ReloadAssembly
Native extension for WindowsStandalone target not found
Refreshing native plugins compatible for Editor in 0.23 ms, found 0 plugins.
Preloading 0 native plugins for Editor in 0.00 ms.
Mono: successfully reloaded assembly
- Completed reload, in  0.892 seconds
Platform modules already initialized, skipping
========================================================================
Worker process is ready to serve import requests
Launched and connected shader compiler UnityShaderCompiler.exe after 0.08 seconds
Refreshing native plugins compatible for Editor in 0.20 ms, found 0 plugins.
Preloading 0 native plugins for Editor in 0.00 ms.
Unloading 1115 Unused Serialized files (Serialized files now loaded: 0)
System memory in use before: 57.4 MB.
System memory in use after: 57.5 MB.

Unloading 10 unused Assets to reduce memory usage. Loaded Objects now: 1557.
Total: 2.978300 ms (FindLiveObjects: 0.417600 ms CreateObjectMapping: 0.232100 ms MarkObjects: 2.230700 ms  DeleteObjects: 0.096400 ms)

========================================================================
Received Import Request.
  path: Assets
  artifactKey: Guid(00000000000000001000000000000000) Importer(815301076,1909f56bfc062723c751e8b465ee728b)
Start importing Assets using Guid(00000000000000001000000000000000) Importer(815301076,1909f56bfc062723c751e8b465ee728b)  -> (artifact id: '5f6a1853b736837ecfb0820a881449cb') in 0.007390 seconds
  Import took 0.033311 seconds .

========================================================================
Received Import Request.
  Time since last request: 0.000278 seconds.
  path: Assets/lego_spaceship.obj
  artifactKey: Guid(f88c4f23f9775174ba443ad34c82af4d) Importer(815301076,1909f56bfc062723c751e8b465ee728b)
Start importing Assets/lego_spaceship.obj using Guid(f88c4f23f9775174ba443ad34c82af4d) Importer(815301076,1909f56bfc062723c751e8b465ee728b)  -> (artifact id: 'd8d11f526c10ad5cc2de89ba90dd7d26') in 1.472232 seconds
  Import took 1.475828 seconds .

========================================================================
Received Import Request.
  Time since last request: 0.367948 seconds.
  path: Assets/Models
  artifactKey: Guid(33f2fc98b0e80b64d994b263da9a55a7) Importer(815301076,1909f56bfc062723c751e8b465ee728b)
Start importing Assets/Models using Guid(33f2fc98b0e80b64d994b263da9a55a7) Importer(815301076,1909f56bfc062723c751e8b465ee728b)  -> (artifact id: '2607b8fc99e9845b45d40ae02f4dbe84') in 0.006759 seconds
  Import took 0.008628 seconds .

AssetImportWorkerClient::OnTransportError - code=2 error=End of file
